2015-10-04 02:51:23,468 - Log4JLogChute initialized using file 'velocity.log'
2015-10-04 02:51:23,469 - Velocity was not initialized! Calling init()...
2015-10-04 02:51:23,469 - Starting Apache Velocity v1.5 (compiled: 2007-02-22 08:52:29)
2015-10-04 02:51:23,469 - Default Properties File: org\apache\velocity\runtime\defaults\velocity.properties
2015-10-04 02:51:23,469 - Trying to use logger class org.apache.velocity.runtime.log.AvalonLogChute
2015-10-04 02:51:23,469 - Couldn't find class org.apache.velocity.runtime.log.AvalonLogChute or necessary supporting classes in classpath.
java.lang.NoClassDefFoundError: org/apache/log/format/Formatter
	at java.lang.Class.forName0(Native Method)
	at java.lang.Class.forName(Class.java:274)
	at org.apache.velocity.util.ClassUtils.getClass(ClassUtils.java:63)
	at org.apache.velocity.util.ClassUtils.getNewInstance(ClassUtils.java:95)
	at org.apache.velocity.runtime.log.LogManager.createLogChute(LogManager.java:147)
	at org.apache.velocity.runtime.log.LogManager.updateLog(LogManager.java:208)
	at org.apache.velocity.runtime.RuntimeInstance.initializeLog(RuntimeInstance.java:728)
	at org.apache.velocity.runtime.RuntimeInstance.init(RuntimeInstance.java:240)
	at org.apache.velocity.runtime.RuntimeInstance.parse(RuntimeInstance.java:993)
	at org.apache.velocity.runtime.RuntimeInstance.parse(RuntimeInstance.java:972)
	at org.apache.velocity.runtime.RuntimeSingleton.parse(RuntimeSingleton.java:265)
	at org.apache.velocity.app.Velocity.evaluate(Velocity.java:274)
	at org.sonatype.mavenbook.weather.WeatherFormatter.format(WeatherFormatter.java:23)
	at org.sonatype.mavenbook.weather.Main.start(Main.java:41)
	at org.sonatype.mavenbook.weather.Main.main(Main.java:24)
	at sun.reflect.NativeMethodAccessorImpl.invoke0(Native Method)
	at sun.reflect.NativeMethodAccessorImpl.invoke(NativeMethodAccessorImpl.java:57)
	at sun.reflect.DelegatingMethodAccessorImpl.invoke(DelegatingMethodAccessorImpl.java:43)
	at java.lang.reflect.Method.invoke(Method.java:606)
	at org.codehaus.mojo.exec.ExecJavaMojo$1.run(ExecJavaMojo.java:293)
	at java.lang.Thread.run(Thread.java:745)
Caused by: java.lang.ClassNotFoundException: org.apache.log.format.Formatter
	at java.net.URLClassLoader$1.run(URLClassLoader.java:366)
	at java.net.URLClassLoader$1.run(URLClassLoader.java:355)
	at java.security.AccessController.doPrivileged(Native Method)
	at java.net.URLClassLoader.findClass(URLClassLoader.java:354)
	at java.lang.ClassLoader.loadClass(ClassLoader.java:425)
	at java.lang.ClassLoader.loadClass(ClassLoader.java:358)
	... 21 more
2015-10-04 02:51:23,471 - Trying to use logger class org.apache.velocity.runtime.log.Log4JLogChute
2015-10-04 02:51:23,471 - Using logger class org.apache.velocity.runtime.log.Log4JLogChute
2015-10-04 02:51:23,473 - Default ResourceManager initializing. (class org.apache.velocity.runtime.resource.ResourceManagerImpl)
2015-10-04 02:51:23,476 - ResourceLoader instantiated: org.apache.velocity.runtime.resource.loader.FileResourceLoader
2015-10-04 02:51:23,476 - Do unicode file recognition:  false
2015-10-04 02:51:23,476 - FileResourceLoader : adding path '.'
2015-10-04 02:51:23,501 - ResourceCache: initialized (class org.apache.velocity.runtime.resource.ResourceCacheImpl)
2015-10-04 02:51:23,502 - Loaded System Directive: org.apache.velocity.runtime.directive.Literal
2015-10-04 02:51:23,503 - Loaded System Directive: org.apache.velocity.runtime.directive.Macro
2015-10-04 02:51:23,504 - Loaded System Directive: org.apache.velocity.runtime.directive.Parse
2015-10-04 02:51:23,505 - Loaded System Directive: org.apache.velocity.runtime.directive.Include
2015-10-04 02:51:23,506 - Loaded System Directive: org.apache.velocity.runtime.directive.Foreach
2015-10-04 02:51:23,528 - Created '20' parsers.
2015-10-04 02:51:23,533 - Velocimacro : "velocimacro.library" is not set.  Trying default library: VM_global_library.vm
2015-10-04 02:51:23,534 - Velocimacro : Default library not found.
2015-10-04 02:51:23,534 - Velocimacro : allowInline = true : VMs can be defined inline in templates
2015-10-04 02:51:23,534 - Velocimacro : allowInlineToOverride = false : VMs defined inline may NOT replace previous VM definitions
2015-10-04 02:51:23,534 - Velocimacro : allowInlineLocal = false : VMs defined inline will be global in scope if allowed.
2015-10-04 02:51:23,534 - Velocimacro : autoload off : VM system will not automatically reload global library macros
2015-10-04 02:55:34,637 - Log4JLogChute initialized using file 'velocity.log'
2015-10-04 02:55:34,637 - Velocity was not initialized! Calling init()...
2015-10-04 02:55:34,637 - Starting Apache Velocity v1.5 (compiled: 2007-02-22 08:52:29)
2015-10-04 02:55:34,637 - Default Properties File: org\apache\velocity\runtime\defaults\velocity.properties
2015-10-04 02:55:34,637 - Trying to use logger class org.apache.velocity.runtime.log.AvalonLogChute
2015-10-04 02:55:34,638 - Couldn't find class org.apache.velocity.runtime.log.AvalonLogChute or necessary supporting classes in classpath.
java.lang.NoClassDefFoundError: org/apache/log/format/Formatter
	at java.lang.Class.forName0(Native Method)
	at java.lang.Class.forName(Class.java:274)
	at org.apache.velocity.util.ClassUtils.getClass(ClassUtils.java:63)
	at org.apache.velocity.util.ClassUtils.getNewInstance(ClassUtils.java:95)
	at org.apache.velocity.runtime.log.LogManager.createLogChute(LogManager.java:147)
	at org.apache.velocity.runtime.log.LogManager.updateLog(LogManager.java:208)
	at org.apache.velocity.runtime.RuntimeInstance.initializeLog(RuntimeInstance.java:728)
	at org.apache.velocity.runtime.RuntimeInstance.init(RuntimeInstance.java:240)
	at org.apache.velocity.runtime.RuntimeInstance.parse(RuntimeInstance.java:993)
	at org.apache.velocity.runtime.RuntimeInstance.parse(RuntimeInstance.java:972)
	at org.apache.velocity.runtime.RuntimeSingleton.parse(RuntimeSingleton.java:265)
	at org.apache.velocity.app.Velocity.evaluate(Velocity.java:274)
	at org.sonatype.mavenbook.weather.WeatherFormatter.format(WeatherFormatter.java:23)
	at org.sonatype.mavenbook.weather.Main.start(Main.java:41)
	at org.sonatype.mavenbook.weather.Main.main(Main.java:24)
	at sun.reflect.NativeMethodAccessorImpl.invoke0(Native Method)
	at sun.reflect.NativeMethodAccessorImpl.invoke(NativeMethodAccessorImpl.java:57)
	at sun.reflect.DelegatingMethodAccessorImpl.invoke(DelegatingMethodAccessorImpl.java:43)
	at java.lang.reflect.Method.invoke(Method.java:606)
	at org.codehaus.mojo.exec.ExecJavaMojo$1.run(ExecJavaMojo.java:293)
	at java.lang.Thread.run(Thread.java:745)
Caused by: java.lang.ClassNotFoundException: org.apache.log.format.Formatter
	at java.net.URLClassLoader$1.run(URLClassLoader.java:366)
	at java.net.URLClassLoader$1.run(URLClassLoader.java:355)
	at java.security.AccessController.doPrivileged(Native Method)
	at java.net.URLClassLoader.findClass(URLClassLoader.java:354)
	at java.lang.ClassLoader.loadClass(ClassLoader.java:425)
	at java.lang.ClassLoader.loadClass(ClassLoader.java:358)
	... 21 more
2015-10-04 02:55:34,641 - Trying to use logger class org.apache.velocity.runtime.log.Log4JLogChute
2015-10-04 02:55:34,641 - Using logger class org.apache.velocity.runtime.log.Log4JLogChute
2015-10-04 02:55:34,643 - Default ResourceManager initializing. (class org.apache.velocity.runtime.resource.ResourceManagerImpl)
2015-10-04 02:55:34,645 - ResourceLoader instantiated: org.apache.velocity.runtime.resource.loader.FileResourceLoader
2015-10-04 02:55:34,646 - Do unicode file recognition:  false
2015-10-04 02:55:34,646 - FileResourceLoader : adding path '.'
2015-10-04 02:55:34,655 - ResourceCache: initialized (class org.apache.velocity.runtime.resource.ResourceCacheImpl)
2015-10-04 02:55:34,656 - Loaded System Directive: org.apache.velocity.runtime.directive.Literal
2015-10-04 02:55:34,657 - Loaded System Directive: org.apache.velocity.runtime.directive.Macro
2015-10-04 02:55:34,658 - Loaded System Directive: org.apache.velocity.runtime.directive.Parse
2015-10-04 02:55:34,659 - Loaded System Directive: org.apache.velocity.runtime.directive.Include
2015-10-04 02:55:34,660 - Loaded System Directive: org.apache.velocity.runtime.directive.Foreach
2015-10-04 02:55:34,681 - Created '20' parsers.
2015-10-04 02:55:34,734 - Velocimacro : "velocimacro.library" is not set.  Trying default library: VM_global_library.vm
2015-10-04 02:55:34,735 - Velocimacro : Default library not found.
2015-10-04 02:55:34,735 - Velocimacro : allowInline = true : VMs can be defined inline in templates
2015-10-04 02:55:34,735 - Velocimacro : allowInlineToOverride = false : VMs defined inline may NOT replace previous VM definitions
2015-10-04 02:55:34,735 - Velocimacro : allowInlineLocal = false : VMs defined inline will be global in scope if allowed.
2015-10-04 02:55:34,735 - Velocimacro : autoload off : VM system will not automatically reload global library macros
2015-10-04 03:17:20,925 - Log4JLogChute initialized using file 'velocity.log'
2015-10-04 03:17:20,925 - Velocity was not initialized! Calling init()...
2015-10-04 03:17:20,926 - Starting Apache Velocity v1.5 (compiled: 2007-02-22 08:52:29)
2015-10-04 03:17:20,926 - Default Properties File: org\apache\velocity\runtime\defaults\velocity.properties
2015-10-04 03:17:20,926 - Trying to use logger class org.apache.velocity.runtime.log.AvalonLogChute
2015-10-04 03:17:20,927 - Couldn't find class org.apache.velocity.runtime.log.AvalonLogChute or necessary supporting classes in classpath.
java.lang.NoClassDefFoundError: org/apache/log/format/Formatter
	at java.lang.Class.forName0(Native Method)
	at java.lang.Class.forName(Class.java:274)
	at org.apache.velocity.util.ClassUtils.getClass(ClassUtils.java:63)
	at org.apache.velocity.util.ClassUtils.getNewInstance(ClassUtils.java:95)
	at org.apache.velocity.runtime.log.LogManager.createLogChute(LogManager.java:147)
	at org.apache.velocity.runtime.log.LogManager.updateLog(LogManager.java:208)
	at org.apache.velocity.runtime.RuntimeInstance.initializeLog(RuntimeInstance.java:728)
	at org.apache.velocity.runtime.RuntimeInstance.init(RuntimeInstance.java:240)
	at org.apache.velocity.runtime.RuntimeInstance.parse(RuntimeInstance.java:993)
	at org.apache.velocity.runtime.RuntimeInstance.parse(RuntimeInstance.java:972)
	at org.apache.velocity.runtime.RuntimeSingleton.parse(RuntimeSingleton.java:265)
	at org.apache.velocity.app.Velocity.evaluate(Velocity.java:274)
	at org.sonatype.mavenbook.weather.WeatherFormatter.format(WeatherFormatter.java:23)
	at org.sonatype.mavenbook.weather.yahoo.WeatherFormatterTest.testFormat(WeatherFormatterTest.java:23)
	at sun.reflect.NativeMethodAccessorImpl.invoke0(Native Method)
	at sun.reflect.NativeMethodAccessorImpl.invoke(NativeMethodAccessorImpl.java:57)
	at sun.reflect.DelegatingMethodAccessorImpl.invoke(DelegatingMethodAccessorImpl.java:43)
	at java.lang.reflect.Method.invoke(Method.java:606)
	at junit.framework.TestCase.runTest(TestCase.java:154)
	at junit.framework.TestCase.runBare(TestCase.java:127)
	at junit.framework.TestResult$1.protect(TestResult.java:106)
	at junit.framework.TestResult.runProtected(TestResult.java:124)
	at junit.framework.TestResult.run(TestResult.java:109)
	at junit.framework.TestCase.run(TestCase.java:118)
	at junit.framework.TestSuite.runTest(TestSuite.java:208)
	at junit.framework.TestSuite.run(TestSuite.java:203)
	at sun.reflect.NativeMethodAccessorImpl.invoke0(Native Method)
	at sun.reflect.NativeMethodAccessorImpl.invoke(NativeMethodAccessorImpl.java:57)
	at sun.reflect.DelegatingMethodAccessorImpl.invoke(DelegatingMethodAccessorImpl.java:43)
	at java.lang.reflect.Method.invoke(Method.java:606)
	at org.apache.maven.surefire.junit.JUnitTestSet.execute(JUnitTestSet.java:95)
	at org.apache.maven.surefire.junit.JUnit3Provider.executeTestSet(JUnit3Provider.java:121)
	at org.apache.maven.surefire.junit.JUnit3Provider.invoke(JUnit3Provider.java:98)
	at sun.reflect.NativeMethodAccessorImpl.invoke0(Native Method)
	at sun.reflect.NativeMethodAccessorImpl.invoke(NativeMethodAccessorImpl.java:57)
	at sun.reflect.DelegatingMethodAccessorImpl.invoke(DelegatingMethodAccessorImpl.java:43)
	at java.lang.reflect.Method.invoke(Method.java:606)
	at org.apache.maven.surefire.util.ReflectionUtils.invokeMethodWithArray(ReflectionUtils.java:189)
	at org.apache.maven.surefire.booter.ProviderFactory$ProviderProxy.invoke(ProviderFactory.java:165)
	at org.apache.maven.surefire.booter.ProviderFactory.invokeProvider(ProviderFactory.java:85)
	at org.apache.maven.surefire.booter.ForkedBooter.runSuitesInProcess(ForkedBooter.java:115)
	at org.apache.maven.surefire.booter.ForkedBooter.main(ForkedBooter.java:75)
Caused by: java.lang.ClassNotFoundException: org.apache.log.format.Formatter
	at java.net.URLClassLoader$1.run(URLClassLoader.java:366)
	at java.net.URLClassLoader$1.run(URLClassLoader.java:355)
	at java.security.AccessController.doPrivileged(Native Method)
	at java.net.URLClassLoader.findClass(URLClassLoader.java:354)
	at java.lang.ClassLoader.loadClass(ClassLoader.java:425)
	at sun.misc.Launcher$AppClassLoader.loadClass(Launcher.java:308)
	at java.lang.ClassLoader.loadClass(ClassLoader.java:358)
	... 42 more
2015-10-04 03:17:20,928 - Trying to use logger class org.apache.velocity.runtime.log.Log4JLogChute
2015-10-04 03:17:20,928 - Using logger class org.apache.velocity.runtime.log.Log4JLogChute
2015-10-04 03:17:20,930 - Default ResourceManager initializing. (class org.apache.velocity.runtime.resource.ResourceManagerImpl)
2015-10-04 03:17:20,933 - ResourceLoader instantiated: org.apache.velocity.runtime.resource.loader.FileResourceLoader
2015-10-04 03:17:20,934 - Do unicode file recognition:  false
2015-10-04 03:17:20,934 - FileResourceLoader : adding path '.'
2015-10-04 03:17:20,943 - ResourceCache: initialized (class org.apache.velocity.runtime.resource.ResourceCacheImpl)
2015-10-04 03:17:20,943 - Loaded System Directive: org.apache.velocity.runtime.directive.Literal
2015-10-04 03:17:20,945 - Loaded System Directive: org.apache.velocity.runtime.directive.Macro
2015-10-04 03:17:20,946 - Loaded System Directive: org.apache.velocity.runtime.directive.Parse
2015-10-04 03:17:20,947 - Loaded System Directive: org.apache.velocity.runtime.directive.Include
2015-10-04 03:17:20,948 - Loaded System Directive: org.apache.velocity.runtime.directive.Foreach
2015-10-04 03:17:20,975 - Created '20' parsers.
2015-10-04 03:17:20,980 - Velocimacro : "velocimacro.library" is not set.  Trying default library: VM_global_library.vm
2015-10-04 03:17:20,980 - Velocimacro : Default library not found.
2015-10-04 03:17:20,980 - Velocimacro : allowInline = true : VMs can be defined inline in templates
2015-10-04 03:17:20,980 - Velocimacro : allowInlineToOverride = false : VMs defined inline may NOT replace previous VM definitions
2015-10-04 03:17:20,980 - Velocimacro : allowInlineLocal = false : VMs defined inline will be global in scope if allowed.
2015-10-04 03:17:20,980 - Velocimacro : autoload off : VM system will not automatically reload global library macros
2015-10-04 03:18:20,526 - Log4JLogChute initialized using file 'velocity.log'
2015-10-04 03:18:20,526 - Velocity was not initialized! Calling init()...
2015-10-04 03:18:20,526 - Starting Apache Velocity v1.5 (compiled: 2007-02-22 08:52:29)
2015-10-04 03:18:20,526 - Default Properties File: org\apache\velocity\runtime\defaults\velocity.properties
2015-10-04 03:18:20,526 - Trying to use logger class org.apache.velocity.runtime.log.AvalonLogChute
2015-10-04 03:18:20,527 - Couldn't find class org.apache.velocity.runtime.log.AvalonLogChute or necessary supporting classes in classpath.
java.lang.NoClassDefFoundError: org/apache/log/format/Formatter
	at java.lang.Class.forName0(Native Method)
	at java.lang.Class.forName(Class.java:274)
	at org.apache.velocity.util.ClassUtils.getClass(ClassUtils.java:63)
	at org.apache.velocity.util.ClassUtils.getNewInstance(ClassUtils.java:95)
	at org.apache.velocity.runtime.log.LogManager.createLogChute(LogManager.java:147)
	at org.apache.velocity.runtime.log.LogManager.updateLog(LogManager.java:208)
	at org.apache.velocity.runtime.RuntimeInstance.initializeLog(RuntimeInstance.java:728)
	at org.apache.velocity.runtime.RuntimeInstance.init(RuntimeInstance.java:240)
	at org.apache.velocity.runtime.RuntimeInstance.parse(RuntimeInstance.java:993)
	at org.apache.velocity.runtime.RuntimeInstance.parse(RuntimeInstance.java:972)
	at org.apache.velocity.runtime.RuntimeSingleton.parse(RuntimeSingleton.java:265)
	at org.apache.velocity.app.Velocity.evaluate(Velocity.java:274)
	at org.sonatype.mavenbook.weather.WeatherFormatter.format(WeatherFormatter.java:23)
	at org.sonatype.mavenbook.weather.yahoo.WeatherFormatterTest.testFormat(WeatherFormatterTest.java:23)
	at sun.reflect.NativeMethodAccessorImpl.invoke0(Native Method)
	at sun.reflect.NativeMethodAccessorImpl.invoke(NativeMethodAccessorImpl.java:57)
	at sun.reflect.DelegatingMethodAccessorImpl.invoke(DelegatingMethodAccessorImpl.java:43)
	at java.lang.reflect.Method.invoke(Method.java:606)
	at junit.framework.TestCase.runTest(TestCase.java:154)
	at junit.framework.TestCase.runBare(TestCase.java:127)
	at junit.framework.TestResult$1.protect(TestResult.java:106)
	at junit.framework.TestResult.runProtected(TestResult.java:124)
	at junit.framework.TestResult.run(TestResult.java:109)
	at junit.framework.TestCase.run(TestCase.java:118)
	at junit.framework.TestSuite.runTest(TestSuite.java:208)
	at junit.framework.TestSuite.run(TestSuite.java:203)
	at sun.reflect.NativeMethodAccessorImpl.invoke0(Native Method)
	at sun.reflect.NativeMethodAccessorImpl.invoke(NativeMethodAccessorImpl.java:57)
	at sun.reflect.DelegatingMethodAccessorImpl.invoke(DelegatingMethodAccessorImpl.java:43)
	at java.lang.reflect.Method.invoke(Method.java:606)
	at org.apache.maven.surefire.junit.JUnitTestSet.execute(JUnitTestSet.java:95)
	at org.apache.maven.surefire.junit.JUnit3Provider.executeTestSet(JUnit3Provider.java:121)
	at org.apache.maven.surefire.junit.JUnit3Provider.invoke(JUnit3Provider.java:98)
	at sun.reflect.NativeMethodAccessorImpl.invoke0(Native Method)
	at sun.reflect.NativeMethodAccessorImpl.invoke(NativeMethodAccessorImpl.java:57)
	at sun.reflect.DelegatingMethodAccessorImpl.invoke(DelegatingMethodAccessorImpl.java:43)
	at java.lang.reflect.Method.invoke(Method.java:606)
	at org.apache.maven.surefire.util.ReflectionUtils.invokeMethodWithArray(ReflectionUtils.java:189)
	at org.apache.maven.surefire.booter.ProviderFactory$ProviderProxy.invoke(ProviderFactory.java:165)
	at org.apache.maven.surefire.booter.ProviderFactory.invokeProvider(ProviderFactory.java:85)
	at org.apache.maven.surefire.booter.ForkedBooter.runSuitesInProcess(ForkedBooter.java:115)
	at org.apache.maven.surefire.booter.ForkedBooter.main(ForkedBooter.java:75)
Caused by: java.lang.ClassNotFoundException: org.apache.log.format.Formatter
	at java.net.URLClassLoader$1.run(URLClassLoader.java:366)
	at java.net.URLClassLoader$1.run(URLClassLoader.java:355)
	at java.security.AccessController.doPrivileged(Native Method)
	at java.net.URLClassLoader.findClass(URLClassLoader.java:354)
	at java.lang.ClassLoader.loadClass(ClassLoader.java:425)
	at sun.misc.Launcher$AppClassLoader.loadClass(Launcher.java:308)
	at java.lang.ClassLoader.loadClass(ClassLoader.java:358)
	... 42 more
2015-10-04 03:18:20,529 - Trying to use logger class org.apache.velocity.runtime.log.Log4JLogChute
2015-10-04 03:18:20,529 - Using logger class org.apache.velocity.runtime.log.Log4JLogChute
2015-10-04 03:18:20,530 - Default ResourceManager initializing. (class org.apache.velocity.runtime.resource.ResourceManagerImpl)
2015-10-04 03:18:20,533 - ResourceLoader instantiated: org.apache.velocity.runtime.resource.loader.FileResourceLoader
2015-10-04 03:18:20,534 - Do unicode file recognition:  false
2015-10-04 03:18:20,534 - FileResourceLoader : adding path '.'
2015-10-04 03:18:20,543 - ResourceCache: initialized (class org.apache.velocity.runtime.resource.ResourceCacheImpl)
2015-10-04 03:18:20,544 - Loaded System Directive: org.apache.velocity.runtime.directive.Literal
2015-10-04 03:18:20,545 - Loaded System Directive: org.apache.velocity.runtime.directive.Macro
2015-10-04 03:18:20,546 - Loaded System Directive: org.apache.velocity.runtime.directive.Parse
2015-10-04 03:18:20,547 - Loaded System Directive: org.apache.velocity.runtime.directive.Include
2015-10-04 03:18:20,548 - Loaded System Directive: org.apache.velocity.runtime.directive.Foreach
2015-10-04 03:18:20,573 - Created '20' parsers.
2015-10-04 03:18:20,578 - Velocimacro : "velocimacro.library" is not set.  Trying default library: VM_global_library.vm
2015-10-04 03:18:20,579 - Velocimacro : Default library not found.
2015-10-04 03:18:20,579 - Velocimacro : allowInline = true : VMs can be defined inline in templates
2015-10-04 03:18:20,579 - Velocimacro : allowInlineToOverride = false : VMs defined inline may NOT replace previous VM definitions
2015-10-04 03:18:20,579 - Velocimacro : allowInlineLocal = false : VMs defined inline will be global in scope if allowed.
2015-10-04 03:18:20,579 - Velocimacro : autoload off : VM system will not automatically reload global library macros
2015-10-04 03:21:37,462 - Log4JLogChute initialized using file 'velocity.log'
2015-10-04 03:21:37,463 - Velocity was not initialized! Calling init()...
2015-10-04 03:21:37,463 - Starting Apache Velocity v1.5 (compiled: 2007-02-22 08:52:29)
2015-10-04 03:21:37,463 - Default Properties File: org\apache\velocity\runtime\defaults\velocity.properties
2015-10-04 03:21:37,463 - Trying to use logger class org.apache.velocity.runtime.log.AvalonLogChute
2015-10-04 03:21:37,464 - Couldn't find class org.apache.velocity.runtime.log.AvalonLogChute or necessary supporting classes in classpath.
java.lang.NoClassDefFoundError: org/apache/log/format/Formatter
	at java.lang.Class.forName0(Native Method)
	at java.lang.Class.forName(Class.java:274)
	at org.apache.velocity.util.ClassUtils.getClass(ClassUtils.java:63)
	at org.apache.velocity.util.ClassUtils.getNewInstance(ClassUtils.java:95)
	at org.apache.velocity.runtime.log.LogManager.createLogChute(LogManager.java:147)
	at org.apache.velocity.runtime.log.LogManager.updateLog(LogManager.java:208)
	at org.apache.velocity.runtime.RuntimeInstance.initializeLog(RuntimeInstance.java:728)
	at org.apache.velocity.runtime.RuntimeInstance.init(RuntimeInstance.java:240)
	at org.apache.velocity.runtime.RuntimeInstance.parse(RuntimeInstance.java:993)
	at org.apache.velocity.runtime.RuntimeInstance.parse(RuntimeInstance.java:972)
	at org.apache.velocity.runtime.RuntimeSingleton.parse(RuntimeSingleton.java:265)
	at org.apache.velocity.app.Velocity.evaluate(Velocity.java:274)
	at org.sonatype.mavenbook.weather.WeatherFormatter.format(WeatherFormatter.java:23)
	at org.sonatype.mavenbook.weather.yahoo.WeatherFormatterTest.testFormat(WeatherFormatterTest.java:23)
	at sun.reflect.NativeMethodAccessorImpl.invoke0(Native Method)
	at sun.reflect.NativeMethodAccessorImpl.invoke(NativeMethodAccessorImpl.java:57)
	at sun.reflect.DelegatingMethodAccessorImpl.invoke(DelegatingMethodAccessorImpl.java:43)
	at java.lang.reflect.Method.invoke(Method.java:606)
	at junit.framework.TestCase.runTest(TestCase.java:154)
	at junit.framework.TestCase.runBare(TestCase.java:127)
	at junit.framework.TestResult$1.protect(TestResult.java:106)
	at junit.framework.TestResult.runProtected(TestResult.java:124)
	at junit.framework.TestResult.run(TestResult.java:109)
	at junit.framework.TestCase.run(TestCase.java:118)
	at junit.framework.TestSuite.runTest(TestSuite.java:208)
	at junit.framework.TestSuite.run(TestSuite.java:203)
	at sun.reflect.NativeMethodAccessorImpl.invoke0(Native Method)
	at sun.reflect.NativeMethodAccessorImpl.invoke(NativeMethodAccessorImpl.java:57)
	at sun.reflect.DelegatingMethodAccessorImpl.invoke(DelegatingMethodAccessorImpl.java:43)
	at java.lang.reflect.Method.invoke(Method.java:606)
	at org.apache.maven.surefire.junit.JUnitTestSet.execute(JUnitTestSet.java:95)
	at org.apache.maven.surefire.junit.JUnit3Provider.executeTestSet(JUnit3Provider.java:121)
	at org.apache.maven.surefire.junit.JUnit3Provider.invoke(JUnit3Provider.java:98)
	at sun.reflect.NativeMethodAccessorImpl.invoke0(Native Method)
	at sun.reflect.NativeMethodAccessorImpl.invoke(NativeMethodAccessorImpl.java:57)
	at sun.reflect.DelegatingMethodAccessorImpl.invoke(DelegatingMethodAccessorImpl.java:43)
	at java.lang.reflect.Method.invoke(Method.java:606)
	at org.apache.maven.surefire.util.ReflectionUtils.invokeMethodWithArray(ReflectionUtils.java:189)
	at org.apache.maven.surefire.booter.ProviderFactory$ProviderProxy.invoke(ProviderFactory.java:165)
	at org.apache.maven.surefire.booter.ProviderFactory.invokeProvider(ProviderFactory.java:85)
	at org.apache.maven.surefire.booter.ForkedBooter.runSuitesInProcess(ForkedBooter.java:115)
	at org.apache.maven.surefire.booter.ForkedBooter.main(ForkedBooter.java:75)
Caused by: java.lang.ClassNotFoundException: org.apache.log.format.Formatter
	at java.net.URLClassLoader$1.run(URLClassLoader.java:366)
	at java.net.URLClassLoader$1.run(URLClassLoader.java:355)
	at java.security.AccessController.doPrivileged(Native Method)
	at java.net.URLClassLoader.findClass(URLClassLoader.java:354)
	at java.lang.ClassLoader.loadClass(ClassLoader.java:425)
	at sun.misc.Launcher$AppClassLoader.loadClass(Launcher.java:308)
	at java.lang.ClassLoader.loadClass(ClassLoader.java:358)
	... 42 more
2015-10-04 03:21:37,465 - Trying to use logger class org.apache.velocity.runtime.log.Log4JLogChute
2015-10-04 03:21:37,465 - Using logger class org.apache.velocity.runtime.log.Log4JLogChute
2015-10-04 03:21:37,467 - Default ResourceManager initializing. (class org.apache.velocity.runtime.resource.ResourceManagerImpl)
2015-10-04 03:21:37,470 - ResourceLoader instantiated: org.apache.velocity.runtime.resource.loader.FileResourceLoader
2015-10-04 03:21:37,471 - Do unicode file recognition:  false
2015-10-04 03:21:37,471 - FileResourceLoader : adding path '.'
2015-10-04 03:21:37,481 - ResourceCache: initialized (class org.apache.velocity.runtime.resource.ResourceCacheImpl)
2015-10-04 03:21:37,482 - Loaded System Directive: org.apache.velocity.runtime.directive.Literal
2015-10-04 03:21:37,483 - Loaded System Directive: org.apache.velocity.runtime.directive.Macro
2015-10-04 03:21:37,483 - Loaded System Directive: org.apache.velocity.runtime.directive.Parse
2015-10-04 03:21:37,484 - Loaded System Directive: org.apache.velocity.runtime.directive.Include
2015-10-04 03:21:37,485 - Loaded System Directive: org.apache.velocity.runtime.directive.Foreach
2015-10-04 03:21:37,510 - Created '20' parsers.
2015-10-04 03:21:37,516 - Velocimacro : "velocimacro.library" is not set.  Trying default library: VM_global_library.vm
2015-10-04 03:21:37,516 - Velocimacro : Default library not found.
2015-10-04 03:21:37,516 - Velocimacro : allowInline = true : VMs can be defined inline in templates
2015-10-04 03:21:37,516 - Velocimacro : allowInlineToOverride = false : VMs defined inline may NOT replace previous VM definitions
2015-10-04 03:21:37,516 - Velocimacro : allowInlineLocal = false : VMs defined inline will be global in scope if allowed.
2015-10-04 03:21:37,516 - Velocimacro : autoload off : VM system will not automatically reload global library macros
